This file contains any messages produced by compilers while
running configure, to aid debugging if configure makes a mistake.

It was created by FASTX Toolkit configure 0.0.13.2, which was
generated by GNU Autoconf 2.68.  Invocation command line was

  $ ./configure --prefix=/home/appl/apps/fastx_toolkit-0.0.13.2

## --------- ##
## Platform. ##
## --------- ##

hostname = genepi-sxs1066
uname -m = x86_64
uname -r = 2.6.18-238.9.1.el5
uname -s = Linux
uname -v = #1 SMP Tue Apr 12 18:10:13 EDT 2011

/usr/bin/uname -p = unknown
/bin/uname -X     = unknown

/bin/arch              = x86_64
/usr/bin/arch -k       = unknown
/usr/convex/getsysinfo = unknown
/usr/bin/hostinfo      = unknown
/bin/machine           = unknown
/usr/bin/oslevel       = unknown
/bin/universe          = unknown

PATH: /usr/kerberos/sbin
PATH: /usr/kerberos/bin
PATH: /usr/local/sbin
PATH: /usr/local/bin
PATH: /sbin
PATH: /bin
PATH: /usr/sbin
PATH: /usr/bin
PATH: /home/appl/apps/fastx/0.0.13/bin
PATH: /opt/eclipse
PATH: /home/appl/apps/GenomeAnalysisTK-1.0.5083
PATH: /home/appl/perl/bin
PATH: /sbin
PATH: /usr/sbin
PATH: /usr/kerberos/sbin
PATH: /usr/kerberos/bin
PATH: /usr/local/sbin
PATH: /usr/local/bin
PATH: /sbin
PATH: /bin
PATH: /usr/sbin
PATH: /usr/bin
PATH: /home/appl/apps/bowtie-0.12.7
PATH: /home/appl/apps/bin/
PATH: /home/appl/apps/soap2.20release
PATH: /opt/ruby/bin
PATH: /home/appl/apps/Atlas-SNP2-v1.2
PATH: /home/appl/apps/samtools
PATH: /home/projects/perl.code
PATH: /opt/connect/bin
PATH: /home/appl/apps/novocraft2.07
PATH: /home/appl/apps/sratoolkit.2.1.0
PATH: /home/appl/apps/tophat-2.0.4
PATH: /home/appl/apps/Tablet
PATH: /home/appl/apps/cufflinks-2.0.2.
PATH: /root/bin
PATH: /home/appl/apps/fastx/0.0.13/bin
PATH: /opt/eclipse
PATH: /home/appl/apps/GenomeAnalysisTK-1.0.5083
PATH: /home/appl/perl/bin
PATH: /sbin
PATH: /usr/sbin
PATH: /usr/kerberos/sbin
PATH: /usr/kerberos/bin
PATH: /usr/local/sbin
PATH: /usr/local/bin
PATH: /sbin
PATH: /bin
PATH: /usr/sbin
PATH: /usr/bin
PATH: /home/appl/apps/fastx/0.0.13/bin
PATH: /opt/eclipse
PATH: /home/appl/apps/GenomeAnalysisTK-1.0.5083
PATH: /home/appl/perl/bin
PATH: /sbin
PATH: /usr/sbin
PATH: /usr/kerberos/sbin
PATH: /usr/kerberos/bin
PATH: /usr/local/sbin
PATH: /usr/local/bin
PATH: /sbin
PATH: /bin
PATH: /usr/sbin
PATH: /usr/bin
PATH: /home/appl/apps/bowtie-0.12.7
PATH: /home/appl/apps/bin/
PATH: /home/appl/apps/soap2.20release
PATH: /opt/ruby/bin
PATH: /home/appl/apps/Atlas-SNP2-v1.2
PATH: /home/appl/apps/samtools
PATH: /home/projects/perl.code
PATH: /opt/connect/bin
PATH: /home/appl/apps/novocraft2.07
PATH: /home/appl/apps/sratoolkit.2.1.0
PATH: /home/appl/apps/tophat-2.0.4
PATH: /home/appl/apps/Tablet
PATH: /home/appl/apps/cufflinks-2.0.2.
PATH: /root/bin
PATH: /home/appl/apps/bowtie-0.12.7
PATH: /home/appl/apps/bin/
PATH: /home/appl/apps/soap2.20release
PATH: /opt/ruby/bin
PATH: /home/appl/apps/Atlas-SNP2-v1.2
PATH: /home/appl/apps/samtools
PATH: /home/projects/perl.code
PATH: /opt/connect/bin
PATH: /home/appl/apps/novocraft2.07
PATH: /home/appl/apps/sratoolkit.2.1.0
PATH: /home/appl/apps/tophat-2.0.4
PATH: /home/appl/apps/cufflinks-2.0.2
PATH: /home/appl/apps/Tablet
PATH: .


## ----------- ##
## Core tests. ##
## ----------- ##

configure:2429: checking for a BSD-compatible install
configure:2497: result: /usr/bin/install -c
configure:2508: checking whether build environment is sane
configure:2558: result: yes
configure:2699: checking for a thread-safe mkdir -p
configure:2738: result: /bin/mkdir -p
configure:2751: checking for gawk
configure:2767: found /bin/gawk
configure:2778: result: gawk
configure:2789: checking whether make sets $(MAKE)
configure:2811: result: yes
configure:2940: checking for gcc
configure:2956: found /usr/bin/gcc
configure:2967: result: gcc
configure:3196: checking for C compiler version
configure:3205: gcc --version >&5
gcc (GCC) 4.1.2 20080704 (Red Hat 4.1.2-50)
Copyright (C) 2006 Free Software Foundation, Inc.
This is free software; see the source for copying conditions.  There is NO
warranty; not even for MERCHANTABILITY or FITNESS FOR A PARTICULAR PURPOSE.

configure:3216: $? = 0
configure:3205: gcc -v >&5
Using built-in specs.
Target: x86_64-redhat-linux
Configured with: ../configure --prefix=/usr --mandir=/usr/share/man --infodir=/usr/share/info --enable-shared --enable-threads=posix --enable-checking=release --with-system-zlib --enable-__cxa_atexit --disable-libunwind-exceptions --enable-libgcj-multifile --enable-languages=c,c++,objc,obj-c++,java,fortran,ada --enable-java-awt=gtk --disable-dssi --disable-plugin --with-java-home=/usr/lib/jvm/java-1.4.2-gcj-1.4.2.0/jre --with-cpu=generic --host=x86_64-redhat-linux
Thread model: posix
gcc version 4.1.2 20080704 (Red Hat 4.1.2-50)
configure:3216: $? = 0
configure:3205: gcc -V >&5
gcc: '-V' option must have argument
configure:3216: $? = 1
configure:3205: gcc -qversion >&5
gcc: unrecognized option '-qversion'
gcc: no input files
configure:3216: $? = 1
configure:3236: checking whether the C compiler works
configure:3258: gcc    conftest.c  >&5
configure:3262: $? = 0
configure:3310: result: yes
configure:3313: checking for C compiler default output file name
configure:3315: result: a.out
configure:3321: checking for suffix of executables
configure:3328: gcc -o conftest    conftest.c  >&5
configure:3332: $? = 0
configure:3354: result: 
configure:3376: checking whether we are cross compiling
configure:3384: gcc -o conftest    conftest.c  >&5
configure:3388: $? = 0
configure:3395: ./conftest
configure:3399: $? = 0
configure:3414: result: no
configure:3419: checking for suffix of object files
configure:3441: gcc -c   conftest.c >&5
configure:3445: $? = 0
configure:3466: result: o
configure:3470: checking whether we are using the GNU C compiler
configure:3489: gcc -c   conftest.c >&5
configure:3489: $? = 0
configure:3498: result: yes
configure:3507: checking whether gcc accepts -g
configure:3527: gcc -c -g  conftest.c >&5
configure:3527: $? = 0
configure:3568: result: yes
configure:3585: checking for gcc option to accept ISO C89
configure:3649: gcc  -c -g -O2  conftest.c >&5
configure:3649: $? = 0
configure:3662: result: none needed
configure:3693: checking for style of include used by make
configure:3721: result: GNU
configure:3747: checking dependency style of gcc
configure:3858: result: gcc3
configure:3931: checking for g++
configure:3947: found /usr/bin/g++
configure:3958: result: g++
configure:3985: checking for C++ compiler version
configure:3994: g++ --version >&5
g++ (GCC) 4.1.2 20080704 (Red Hat 4.1.2-50)
Copyright (C) 2006 Free Software Foundation, Inc.
This is free software; see the source for copying conditions.  There is NO
warranty; not even for MERCHANTABILITY or FITNESS FOR A PARTICULAR PURPOSE.

configure:4005: $? = 0
configure:3994: g++ -v >&5
Using built-in specs.
Target: x86_64-redhat-linux
Configured with: ../configure --prefix=/usr --mandir=/usr/share/man --infodir=/usr/share/info --enable-shared --enable-threads=posix --enable-checking=release --with-system-zlib --enable-__cxa_atexit --disable-libunwind-exceptions --enable-libgcj-multifile --enable-languages=c,c++,objc,obj-c++,java,fortran,ada --enable-java-awt=gtk --disable-dssi --disable-plugin --with-java-home=/usr/lib/jvm/java-1.4.2-gcj-1.4.2.0/jre --with-cpu=generic --host=x86_64-redhat-linux
Thread model: posix
gcc version 4.1.2 20080704 (Red Hat 4.1.2-50)
configure:4005: $? = 0
configure:3994: g++ -V >&5
g++: '-V' option must have argument
configure:4005: $? = 1
configure:3994: g++ -qversion >&5
g++: unrecognized option '-qversion'
g++: no input files
configure:4005: $? = 1
configure:4009: checking whether we are using the GNU C++ compiler
configure:4028: g++ -c   conftest.cpp >&5
configure:4028: $? = 0
configure:4037: result: yes
configure:4046: checking whether g++ accepts -g
configure:4066: g++ -c -g  conftest.cpp >&5
configure:4066: $? = 0
configure:4107: result: yes
configure:4132: checking dependency style of g++
configure:4243: result: gcc3
configure:4287: checking build system type
configure:4301: result: x86_64-unknown-linux-gnu
configure:4321: checking host system type
configure:4334: result: x86_64-unknown-linux-gnu
configure:4354: checking for a sed that does not truncate output
configure:4418: result: /bin/sed
configure:4436: checking for grep that handles long lines and -e
configure:4494: result: /bin/grep
configure:4499: checking for egrep
configure:4561: result: /bin/grep -E
configure:4566: checking for fgrep
configure:4628: result: /bin/grep -F
configure:4663: checking for ld used by gcc
configure:4730: result: /usr/bin/ld
configure:4737: checking if the linker (/usr/bin/ld) is GNU ld
configure:4752: result: yes
configure:4764: checking for BSD- or MS-compatible name lister (nm)
configure:4813: result: /usr/bin/nm -B
configure:4931: checking the name lister (/usr/bin/nm -B) interface
configure:4938: gcc -c -g -O2  conftest.c >&5
configure:4941: /usr/bin/nm -B "conftest.o"
configure:4944: output
0000000000000000 B some_variable
configure:4951: result: BSD nm
configure:4954: checking whether ln -s works
configure:4958: result: yes
configure:4966: checking the maximum length of command line arguments
configure:5086: result: 98304
configure:5103: checking whether the shell understands some XSI constructs
configure:5113: result: yes
configure:5117: checking whether the shell understands "+="
configure:5123: result: yes
configure:5158: checking for /usr/bin/ld option to reload object files
configure:5165: result: -r
configure:5234: checking for objdump
configure:5250: found /usr/bin/objdump
configure:5261: result: objdump
configure:5293: checking how to recognize dependent libraries
configure:5489: result: pass_all
configure:5549: checking for ar
configure:5565: found /usr/bin/ar
configure:5576: result: ar
configure:5654: checking for strip
configure:5670: found /usr/bin/strip
configure:5681: result: strip
configure:5753: checking for ranlib
configure:5769: found /usr/bin/ranlib
configure:5780: result: ranlib
configure:5870: checking command to parse /usr/bin/nm -B output from gcc object
configure:5988: gcc -c -g -O2  conftest.c >&5
configure:5991: $? = 0
configure:5995: /usr/bin/nm -B conftest.o \| sed -n -e 's/^.*[	 ]\([ABCDGIRSTW][ABCDGIRSTW]*\)[	 ][	 ]*\([_A-Za-z][_A-Za-z0-9]*\)$/\1 \2 \2/p' \> conftest.nm
configure:5998: $? = 0
configure:6052: gcc -o conftest -g -O2   conftest.c conftstm.o >&5
configure:6055: $? = 0
configure:6093: result: ok
configure:6189: gcc -c -g -O2  conftest.c >&5
configure:6192: $? = 0
configure:6902: checking how to run the C preprocessor
configure:6933: gcc -E  conftest.c
configure:6933: $? = 0
configure:6947: gcc -E  conftest.c
conftest.c:11:28: error: ac_nonexistent.h: No such file or directory
configure:6947: $? = 1
configure: failed program was:
| /* confdefs.h */
| #define PACKAGE_NAME "FASTX Toolkit"
| #define PACKAGE_TARNAME "fastx_toolkit"
| #define PACKAGE_VERSION "0.0.13.2"
| #define PACKAGE_STRING "FASTX Toolkit 0.0.13.2"
| #define PACKAGE_BUGREPORT "Assaf Gordon gordon@cshl.edu"
| #define PACKAGE_URL ""
| #define PACKAGE "fastx_toolkit"
| #define VERSION "0.0.13.2"
| /* end confdefs.h.  */
| #include <ac_nonexistent.h>
configure:6972: result: gcc -E
configure:6992: gcc -E  conftest.c
configure:6992: $? = 0
configure:7006: gcc -E  conftest.c
conftest.c:11:28: error: ac_nonexistent.h: No such file or directory
configure:7006: $? = 1
configure: failed program was:
| /* confdefs.h */
| #define PACKAGE_NAME "FASTX Toolkit"
| #define PACKAGE_TARNAME "fastx_toolkit"
| #define PACKAGE_VERSION "0.0.13.2"
| #define PACKAGE_STRING "FASTX Toolkit 0.0.13.2"
| #define PACKAGE_BUGREPORT "Assaf Gordon gordon@cshl.edu"
| #define PACKAGE_URL ""
| #define PACKAGE "fastx_toolkit"
| #define VERSION "0.0.13.2"
| /* end confdefs.h.  */
| #include <ac_nonexistent.h>
configure:7035: checking for ANSI C header files
configure:7055: gcc -c -g -O2  conftest.c >&5
configure:7055: $? = 0
configure:7128: gcc -o conftest -g -O2   conftest.c  >&5
configure:7128: $? = 0
configure:7128: ./conftest
configure:7128: $? = 0
configure:7139: result: yes
configure:7152: checking for sys/types.h
configure:7152: gcc -c -g -O2  conftest.c >&5
configure:7152: $? = 0
configure:7152: result: yes
configure:7152: checking for sys/stat.h
configure:7152: gcc -c -g -O2  conftest.c >&5
configure:7152: $? = 0
configure:7152: result: yes
configure:7152: checking for stdlib.h
configure:7152: gcc -c -g -O2  conftest.c >&5
configure:7152: $? = 0
configure:7152: result: yes
configure:7152: checking for string.h
configure:7152: gcc -c -g -O2  conftest.c >&5
configure:7152: $? = 0
configure:7152: result: yes
configure:7152: checking for memory.h
configure:7152: gcc -c -g -O2  conftest.c >&5
configure:7152: $? = 0
configure:7152: result: yes
configure:7152: checking for strings.h
configure:7152: gcc -c -g -O2  conftest.c >&5
configure:7152: $? = 0
configure:7152: result: yes
configure:7152: checking for inttypes.h
configure:7152: gcc -c -g -O2  conftest.c >&5
configure:7152: $? = 0
configure:7152: result: yes
configure:7152: checking for stdint.h
configure:7152: gcc -c -g -O2  conftest.c >&5
configure:7152: $? = 0
configure:7152: result: yes
configure:7152: checking for unistd.h
configure:7152: gcc -c -g -O2  conftest.c >&5
configure:7152: $? = 0
configure:7152: result: yes
configure:7166: checking for dlfcn.h
configure:7166: gcc -c -g -O2  conftest.c >&5
configure:7166: $? = 0
configure:7166: result: yes
configure:7291: checking for C++ compiler version
configure:7300: g++ --version >&5
g++ (GCC) 4.1.2 20080704 (Red Hat 4.1.2-50)
Copyright (C) 2006 Free Software Foundation, Inc.
This is free software; see the source for copying conditions.  There is NO
warranty; not even for MERCHANTABILITY or FITNESS FOR A PARTICULAR PURPOSE.

configure:7311: $? = 0
configure:7300: g++ -v >&5
Using built-in specs.
Target: x86_64-redhat-linux
Configured with: ../configure --prefix=/usr --mandir=/usr/share/man --infodir=/usr/share/info --enable-shared --enable-threads=posix --enable-checking=release --with-system-zlib --enable-__cxa_atexit --disable-libunwind-exceptions --enable-libgcj-multifile --enable-languages=c,c++,objc,obj-c++,java,fortran,ada --enable-java-awt=gtk --disable-dssi --disable-plugin --with-java-home=/usr/lib/jvm/java-1.4.2-gcj-1.4.2.0/jre --with-cpu=generic --host=x86_64-redhat-linux
Thread model: posix
gcc version 4.1.2 20080704 (Red Hat 4.1.2-50)
configure:7311: $? = 0
configure:7300: g++ -V >&5
g++: '-V' option must have argument
configure:7311: $? = 1
configure:7300: g++ -qversion >&5
g++: unrecognized option '-qversion'
g++: no input files
configure:7311: $? = 1
configure:7315: checking whether we are using the GNU C++ compiler
configure:7343: result: yes
configure:7352: checking whether g++ accepts -g
configure:7413: result: yes
configure:7438: checking dependency style of g++
configure:7549: result: gcc3
configure:7572: checking how to run the C++ preprocessor
configure:7599: g++ -E  conftest.cpp
configure:7599: $? = 0
configure:7613: g++ -E  conftest.cpp
conftest.cpp:22:28: error: ac_nonexistent.h: No such file or directory
configure:7613: $? = 1
configure: failed program was:
| /* confdefs.h */
| #define PACKAGE_NAME "FASTX Toolkit"
| #define PACKAGE_TARNAME "fastx_toolkit"
| #define PACKAGE_VERSION "0.0.13.2"
| #define PACKAGE_STRING "FASTX Toolkit 0.0.13.2"
| #define PACKAGE_BUGREPORT "Assaf Gordon gordon@cshl.edu"
| #define PACKAGE_URL ""
| #define PACKAGE "fastx_toolkit"
| #define VERSION "0.0.13.2"
| #define STDC_HEADERS 1
| #define HAVE_SYS_TYPES_H 1
| #define HAVE_SYS_STAT_H 1
| #define HAVE_STDLIB_H 1
| #define HAVE_STRING_H 1
| #define HAVE_MEMORY_H 1
| #define HAVE_STRINGS_H 1
| #define HAVE_INTTYPES_H 1
| #define HAVE_STDINT_H 1
| #define HAVE_UNISTD_H 1
| #define HAVE_DLFCN_H 1
| /* end confdefs.h.  */
| #include <ac_nonexistent.h>
configure:7638: result: g++ -E
configure:7658: g++ -E  conftest.cpp
configure:7658: $? = 0
configure:7672: g++ -E  conftest.cpp
conftest.cpp:22:28: error: ac_nonexistent.h: No such file or directory
configure:7672: $? = 1
configure: failed program was:
| /* confdefs.h */
| #define PACKAGE_NAME "FASTX Toolkit"
| #define PACKAGE_TARNAME "fastx_toolkit"
| #define PACKAGE_VERSION "0.0.13.2"
| #define PACKAGE_STRING "FASTX Toolkit 0.0.13.2"
| #define PACKAGE_BUGREPORT "Assaf Gordon gordon@cshl.edu"
| #define PACKAGE_URL ""
| #define PACKAGE "fastx_toolkit"
| #define VERSION "0.0.13.2"
| #define STDC_HEADERS 1
| #define HAVE_SYS_TYPES_H 1
| #define HAVE_SYS_STAT_H 1
| #define HAVE_STDLIB_H 1
| #define HAVE_STRING_H 1
| #define HAVE_MEMORY_H 1
| #define HAVE_STRINGS_H 1
| #define HAVE_INTTYPES_H 1
| #define HAVE_STDINT_H 1
| #define HAVE_UNISTD_H 1
| #define HAVE_DLFCN_H 1
| /* end confdefs.h.  */
| #include <ac_nonexistent.h>
configure:7878: checking for objdir
configure:7893: result: .libs
configure:8189: checking if gcc supports -fno-rtti -fno-exceptions
configure:8207: gcc -c -g -O2  -fno-rtti -fno-exceptions conftest.c >&5
cc1: warning: command line option "-fno-rtti" is valid for C++/ObjC++ but not for C
configure:8211: $? = 0
configure:8224: result: no
configure:8244: checking for gcc option to produce PIC
configure:8516: result: -fPIC -DPIC
configure:8528: checking if gcc PIC flag -fPIC -DPIC works
configure:8546: gcc -c -g -O2  -fPIC -DPIC -DPIC conftest.c >&5
configure:8550: $? = 0
configure:8563: result: yes
configure:8587: checking if gcc static flag -static works
configure:8615: result: yes
configure:8630: checking if gcc supports -c -o file.o
configure:8651: gcc -c -g -O2  -o out/conftest2.o conftest.c >&5
configure:8655: $? = 0
configure:8677: result: yes
configure:8685: checking if gcc supports -c -o file.o
configure:8732: result: yes
configure:8765: checking whether the gcc linker (/usr/bin/ld -m elf_x86_64) supports shared libraries
configure:9752: result: yes
configure:9789: checking whether -lc should be explicitly linked in
configure:9794: gcc -c -g -O2  conftest.c >&5
configure:9797: $? = 0
configure:9812: gcc -shared conftest.o  -v -Wl,-soname -Wl,conftest -o conftest 2\>\&1 \| /bin/grep  -lc  \>/dev/null 2\>\&1
configure:9815: $? = 0
configure:9827: result: no
configure:9991: checking dynamic linker characteristics
configure:10424: gcc -o conftest -g -O2   -Wl,-rpath -Wl,/foo conftest.c  >&5
configure:10424: $? = 0
configure:10654: result: GNU/Linux ld.so
configure:10756: checking how to hardcode library paths into programs
configure:10781: result: immediate
configure:11301: checking whether stripping libraries is possible
configure:11306: result: yes
configure:11341: checking if libtool supports shared libraries
configure:11343: result: yes
configure:11346: checking whether to build shared libraries
configure:11367: result: yes
configure:11370: checking whether to build static libraries
configure:11374: result: yes
configure:11524: checking for ld used by g++
configure:11591: result: /usr/bin/ld -m elf_x86_64
configure:11598: checking if the linker (/usr/bin/ld -m elf_x86_64) is GNU ld
configure:11613: result: yes
configure:11668: checking whether the g++ linker (/usr/bin/ld -m elf_x86_64) supports shared libraries
configure:12581: result: yes
configure:12609: g++ -c -g -O2  conftest.cpp >&5
configure:12612: $? = 0
configure:12794: checking for g++ option to produce PIC
configure:13111: result: -fPIC -DPIC
configure:13120: checking if g++ PIC flag -fPIC -DPIC works
configure:13138: g++ -c -g -O2  -fPIC -DPIC -DPIC conftest.cpp >&5
configure:13142: $? = 0
configure:13155: result: yes
configure:13176: checking if g++ static flag -static works
configure:13204: result: yes
configure:13216: checking if g++ supports -c -o file.o
configure:13237: g++ -c -g -O2  -o out/conftest2.o conftest.cpp >&5
configure:13241: $? = 0
configure:13263: result: yes
configure:13268: checking if g++ supports -c -o file.o
configure:13315: result: yes
configure:13345: checking whether the g++ linker (/usr/bin/ld -m elf_x86_64) supports shared libraries
configure:13374: result: yes
configure:13511: checking dynamic linker characteristics
configure:13892: g++ -o conftest -g -O2   -Wl,-rpath -Wl,/foo conftest.cpp  >&5
configure:13892: $? = 0
configure:14122: result: GNU/Linux ld.so
configure:14173: checking how to hardcode library paths into programs
configure:14198: result: immediate
configure:14256: checking for long long int
configure:14283: result: yes
configure:14292: checking for ISO C++ TR1 include files
configure:14317: g++ -c -g -O2  conftest.cpp >&5
configure:14317: $? = 0
configure:14331: result: yes
configure:14397: checking for pkg-config
configure:14415: found /usr/bin/pkg-config
configure:14427: result: /usr/bin/pkg-config
configure:14452: checking pkg-config is at least version 0.9.0
configure:14455: result: yes
configure:14465: checking for GTEXTUTILS
configure:14472: $PKG_CONFIG --exists --print-errors "gtextutils"
configure:14475: $? = 0
configure:14489: $PKG_CONFIG --exists --print-errors "gtextutils"
configure:14492: $? = 0
configure:14550: result: yes
configure:14750: creating ./config.status

## ---------------------- ##
## Running config.status. ##
## ---------------------- ##

This file was extended by FASTX Toolkit config.status 0.0.13.2, which was
generated by GNU Autoconf 2.68.  Invocation command line was

  CONFIG_FILES    = 
  CONFIG_HEADERS  = 
  CONFIG_LINKS    = 
  CONFIG_COMMANDS = 
  $ ./config.status 

on genepi-sxs1066

config.status:1173: creating Makefile
config.status:1173: creating doc/Makefile
config.status:1173: creating m4/Makefile
config.status:1173: creating src/Makefile
config.status:1173: creating src/libfastx/Makefile
config.status:1173: creating src/fastx_clipper/Makefile
config.status:1173: creating src/fastq_to_fasta/Makefile
config.status:1173: creating src/fastx_quality_stats/Makefile
config.status:1173: creating src/fastq_quality_converter/Makefile
config.status:1173: creating src/fastx_trimmer/Makefile
config.status:1173: creating src/fastq_quality_filter/Makefile
config.status:1173: creating src/fastq_quality_trimmer/Makefile
config.status:1173: creating src/fastx_artifacts_filter/Makefile
config.status:1173: creating src/fastx_reverse_complement/Makefile
config.status:1173: creating src/fastx_collapser/Makefile
config.status:1173: creating src/fastx_uncollapser/Makefile
config.status:1173: creating src/seqalign_test/Makefile
config.status:1173: creating src/fasta_formatter/Makefile
config.status:1173: creating src/fasta_nucleotide_changer/Makefile
config.status:1173: creating src/fastx_renamer/Makefile
config.status:1173: creating src/fastq_masker/Makefile
config.status:1173: creating galaxy/Makefile
config.status:1173: creating galaxy/tools/Makefile
config.status:1173: creating galaxy/tools/fastx_toolkit/Makefile
config.status:1173: creating galaxy/tools/cshl_custom_fastx_toolkit/Makefile
config.status:1173: creating galaxy/test-data/Makefile
config.status:1173: creating galaxy/static/Makefile
config.status:1173: creating galaxy/static/fastx_icons/Makefile
config.status:1173: creating galaxy/tool-data/Makefile
config.status:1173: creating scripts/Makefile
config.status:1173: creating build_scripts/Makefile
config.status:1173: creating config.h
config.status:1354: config.h is unchanged
config.status:1402: executing depfiles commands
config.status:1402: executing libtool commands

## ---------------- ##
## Cache variables. ##
## ---------------- ##

ac_cv_build=x86_64-unknown-linux-gnu
ac_cv_c_compiler_gnu=yes
ac_cv_c_long_long=yes
ac_cv_cxx_compiler_gnu=yes
ac_cv_env_CCC_set=
ac_cv_env_CCC_value=
ac_cv_env_CC_set=
ac_cv_env_CC_value=
ac_cv_env_CFLAGS_set=
ac_cv_env_CFLAGS_value=
ac_cv_env_CPPFLAGS_set=
ac_cv_env_CPPFLAGS_value=
ac_cv_env_CPP_set=
ac_cv_env_CPP_value=
ac_cv_env_CXXCPP_set=
ac_cv_env_CXXCPP_value=
ac_cv_env_CXXFLAGS_set=
ac_cv_env_CXXFLAGS_value=
ac_cv_env_CXX_set=
ac_cv_env_CXX_value=
ac_cv_env_GTEXTUTILS_CFLAGS_set=
ac_cv_env_GTEXTUTILS_CFLAGS_value=
ac_cv_env_GTEXTUTILS_LIBS_set=
ac_cv_env_GTEXTUTILS_LIBS_value=
ac_cv_env_LDFLAGS_set=
ac_cv_env_LDFLAGS_value=
ac_cv_env_LIBS_set=
ac_cv_env_LIBS_value=
ac_cv_env_PKG_CONFIG_LIBDIR_set=
ac_cv_env_PKG_CONFIG_LIBDIR_value=
ac_cv_env_PKG_CONFIG_PATH_set=
ac_cv_env_PKG_CONFIG_PATH_value=
ac_cv_env_PKG_CONFIG_set=
ac_cv_env_PKG_CONFIG_value=
ac_cv_env_build_alias_set=
ac_cv_env_build_alias_value=
ac_cv_env_host_alias_set=
ac_cv_env_host_alias_value=
ac_cv_env_target_alias_set=
ac_cv_env_target_alias_value=
ac_cv_header_dlfcn_h=yes
ac_cv_header_inttypes_h=yes
ac_cv_header_memory_h=yes
ac_cv_header_stdc=yes
ac_cv_header_stdint_h=yes
ac_cv_header_stdlib_h=yes
ac_cv_header_string_h=yes
ac_cv_header_strings_h=yes
ac_cv_header_sys_stat_h=yes
ac_cv_header_sys_types_h=yes
ac_cv_header_unistd_h=yes
ac_cv_host=x86_64-unknown-linux-gnu
ac_cv_objext=o
ac_cv_path_EGREP='/bin/grep -E'
ac_cv_path_FGREP='/bin/grep -F'
ac_cv_path_GREP=/bin/grep
ac_cv_path_SED=/bin/sed
ac_cv_path_ac_pt_PKG_CONFIG=/usr/bin/pkg-config
ac_cv_path_install='/usr/bin/install -c'
ac_cv_path_mkdir=/bin/mkdir
ac_cv_prog_AWK=gawk
ac_cv_prog_CPP='gcc -E'
ac_cv_prog_CXXCPP='g++ -E'
ac_cv_prog_ac_ct_AR=ar
ac_cv_prog_ac_ct_CC=gcc
ac_cv_prog_ac_ct_CXX=g++
ac_cv_prog_ac_ct_OBJDUMP=objdump
ac_cv_prog_ac_ct_RANLIB=ranlib
ac_cv_prog_ac_ct_STRIP=strip
ac_cv_prog_cc_c89=
ac_cv_prog_cc_g=yes
ac_cv_prog_cxx_g=yes
ac_cv_prog_make_make_set=yes
am_cv_CC_dependencies_compiler_type=gcc3
am_cv_CXX_dependencies_compiler_type=gcc3
ax_cv_cxx_stdcxx_tr1=yes
lt_cv_deplibs_check_method=pass_all
lt_cv_file_magic_cmd='$MAGIC_CMD'
lt_cv_file_magic_test_file=
lt_cv_ld_reload_flag=-r
lt_cv_nm_interface='BSD nm'
lt_cv_objdir=.libs
lt_cv_path_LD=/usr/bin/ld
lt_cv_path_LDCXX='/usr/bin/ld -m elf_x86_64'
lt_cv_path_NM='/usr/bin/nm -B'
lt_cv_prog_compiler_c_o=yes
lt_cv_prog_compiler_c_o_CXX=yes
lt_cv_prog_compiler_pic_works=yes
lt_cv_prog_compiler_pic_works_CXX=yes
lt_cv_prog_compiler_rtti_exceptions=no
lt_cv_prog_compiler_static_works=yes
lt_cv_prog_compiler_static_works_CXX=yes
lt_cv_prog_gnu_ld=yes
lt_cv_prog_gnu_ldcxx=yes
lt_cv_sys_global_symbol_pipe='sed -n -e '\''s/^.*[	 ]\([ABCDGIRSTW][ABCDGIRSTW]*\)[	 ][	 ]*\([_A-Za-z][_A-Za-z0-9]*\)$/\1 \2 \2/p'\'''
lt_cv_sys_global_symbol_to_c_name_address='sed -n -e '\''s/^: \([^ ]*\) $/  {\"\1\", (void *) 0},/p'\'' -e '\''s/^[ABCDGIRSTW]* \([^ ]*\) \([^ ]*\)$/  {"\2", (void *) \&\2},/p'\'''
lt_cv_sys_global_symbol_to_c_name_address_lib_prefix='sed -n -e '\''s/^: \([^ ]*\) $/  {\"\1\", (void *) 0},/p'\'' -e '\''s/^[ABCDGIRSTW]* \([^ ]*\) \(lib[^ ]*\)$/  {"\2", (void *) \&\2},/p'\'' -e '\''s/^[ABCDGIRSTW]* \([^ ]*\) \([^ ]*\)$/  {"lib\2", (void *) \&\2},/p'\'''
lt_cv_sys_global_symbol_to_cdecl='sed -n -e '\''s/^T .* \(.*\)$/extern int \1();/p'\'' -e '\''s/^[ABCDGIRSTW]* .* \(.*\)$/extern char \1;/p'\'''
lt_cv_sys_max_cmd_len=98304
pkg_cv_GTEXTUTILS_CFLAGS='-I/usr/include/gtextutils  '
pkg_cv_GTEXTUTILS_LIBS='-lgtextutils  '

## ----------------- ##
## Output variables. ##
## ----------------- ##

ACLOCAL='${SHELL} /home/appl/apps/fastx_toolkit-0.0.13.2/config/missing --run aclocal-1.11'
AMDEPBACKSLASH='\'
AMDEP_FALSE='#'
AMDEP_TRUE=''
AMTAR='$${TAR-tar}'
AR='ar'
AUTOCONF='${SHELL} /home/appl/apps/fastx_toolkit-0.0.13.2/config/missing --run autoconf'
AUTOHEADER='${SHELL} /home/appl/apps/fastx_toolkit-0.0.13.2/config/missing --run autoheader'
AUTOMAKE='${SHELL} /home/appl/apps/fastx_toolkit-0.0.13.2/config/missing --run automake-1.11'
AWK='gawk'
CC='gcc'
CCDEPMODE='depmode=gcc3'
CFLAGS='-g -O2 -Wall -Wextra -Wformat-nonliteral -Wformat-security -Wswitch-default -Wswitch-enum -Wunused-parameter -Wfloat-equal -Werror -DDEBUG -g -O1'
CPP='gcc -E'
CPPFLAGS=''
CXX='g++'
CXXCPP='g++ -E'
CXXDEPMODE='depmode=gcc3'
CXXFLAGS='-g -O2 -Wall -Wextra -Wformat-nonliteral -Wformat-security -Wswitch-default -Wswitch-enum -Wunused-parameter -Wfloat-equal -Werror -DDEBUG -g -O1 -DDEBUG -g -O1'
CYGPATH_W='echo'
DEFS='-DHAVE_CONFIG_H'
DEPDIR='.deps'
DSYMUTIL=''
DUMPBIN=''
ECHO_C=''
ECHO_N='-n'
ECHO_T=''
EGREP='/bin/grep -E'
EXEEXT=''
FGREP='/bin/grep -F'
GREP='/bin/grep'
GTEXTUTILS_CFLAGS='-I/usr/include/gtextutils  '
GTEXTUTILS_LIBS='-lgtextutils  '
INSTALL_DATA='${INSTALL} -m 644'
INSTALL_PROGRAM='${INSTALL}'
INSTALL_SCRIPT='${INSTALL}'
INSTALL_STRIP_PROGRAM='$(install_sh) -c -s'
LD='/usr/bin/ld -m elf_x86_64'
LDFLAGS=''
LIBOBJS=''
LIBS=''
LIBTOOL='$(SHELL) $(top_builddir)/libtool'
LIPO=''
LN_S='ln -s'
LTLIBOBJS=''
LT_LDFLAGS=''
MAKEINFO='${SHELL} /home/appl/apps/fastx_toolkit-0.0.13.2/config/missing --run makeinfo'
MKDIR_P='/bin/mkdir -p'
NM='/usr/bin/nm -B'
NMEDIT=''
OBJDUMP='objdump'
OBJEXT='o'
OTOOL64=''
OTOOL=''
PACKAGE='fastx_toolkit'
PACKAGE_BUGREPORT='Assaf Gordon gordon@cshl.edu'
PACKAGE_NAME='FASTX Toolkit'
PACKAGE_STRING='FASTX Toolkit 0.0.13.2'
PACKAGE_TARNAME='fastx_toolkit'
PACKAGE_URL=''
PACKAGE_VERSION='0.0.13.2'
PATH_SEPARATOR=':'
PKG_CONFIG='/usr/bin/pkg-config'
PKG_CONFIG_LIBDIR=''
PKG_CONFIG_PATH=''
RANLIB='ranlib'
SED='/bin/sed'
SET_MAKE=''
SHELL='/bin/sh'
STRIP='strip'
VERSION='0.0.13.2'
ac_ct_CC='gcc'
ac_ct_CXX='g++'
ac_ct_DUMPBIN=''
am__EXEEXT_FALSE=''
am__EXEEXT_TRUE='#'
am__fastdepCC_FALSE='#'
am__fastdepCC_TRUE=''
am__fastdepCXX_FALSE='#'
am__fastdepCXX_TRUE=''
am__include='include'
am__isrc=''
am__leading_dot='.'
am__nodep='_no'
am__quote=''
am__tar='$${TAR-tar} chof - "$$tardir"'
am__untar='$${TAR-tar} xf -'
bindir='${exec_prefix}/bin'
build='x86_64-unknown-linux-gnu'
build_alias=''
build_cpu='x86_64'
build_os='linux-gnu'
build_vendor='unknown'
datadir='${datarootdir}'
datarootdir='${prefix}/share'
docdir='${datarootdir}/doc/${PACKAGE_TARNAME}'
dvidir='${docdir}'
exec_prefix='${prefix}'
host='x86_64-unknown-linux-gnu'
host_alias=''
host_cpu='x86_64'
host_os='linux-gnu'
host_vendor='unknown'
htmldir='${docdir}'
includedir='${prefix}/include'
infodir='${datarootdir}/info'
install_sh='${SHELL} /home/appl/apps/fastx_toolkit-0.0.13.2/config/install-sh'
libdir='${exec_prefix}/lib'
libexecdir='${exec_prefix}/libexec'
localedir='${datarootdir}/locale'
localstatedir='${prefix}/var'
lt_ECHO='echo'
mandir='${datarootdir}/man'
mkdir_p='/bin/mkdir -p'
oldincludedir='/usr/include'
pdfdir='${docdir}'
prefix='/home/appl/apps/fastx_toolkit-0.0.13.2'
program_transform_name='s,x,x,'
psdir='${docdir}'
sbindir='${exec_prefix}/sbin'
sharedstatedir='${prefix}/com'
sysconfdir='${prefix}/etc'
target_alias=''

## ----------- ##
## confdefs.h. ##
## ----------- ##

/* confdefs.h */
#define PACKAGE_NAME "FASTX Toolkit"
#define PACKAGE_TARNAME "fastx_toolkit"
#define PACKAGE_VERSION "0.0.13.2"
#define PACKAGE_STRING "FASTX Toolkit 0.0.13.2"
#define PACKAGE_BUGREPORT "Assaf Gordon gordon@cshl.edu"
#define PACKAGE_URL ""
#define PACKAGE "fastx_toolkit"
#define VERSION "0.0.13.2"
#define STDC_HEADERS 1
#define HAVE_SYS_TYPES_H 1
#define HAVE_SYS_STAT_H 1
#define HAVE_STDLIB_H 1
#define HAVE_STRING_H 1
#define HAVE_MEMORY_H 1
#define HAVE_STRINGS_H 1
#define HAVE_INTTYPES_H 1
#define HAVE_STDINT_H 1
#define HAVE_UNISTD_H 1
#define HAVE_DLFCN_H 1
#define LT_OBJDIR ".libs/"
#define HAVE_LONG_LONG 1
#define STDCXX_TR1_HEADERS /**/

configure: exit 0
